<?xml version="1.0" encoding="UTF-8"?>
<testsuite xmlns:xsi="http://www.w3.org/2001/XMLSchema-instance" xsi:noNamespaceSchemaLocation="https://maven.apache.org/surefire/maven-surefire-plugin/xsd/surefire-test-report.xsd" version="3.0.2" name="com.example.demo.validation.KhachHangDTOValidationTest" time="0.358" tests="0" errors="0" skipped="0" failures="0">
  <properties>
[...]
</properties>
  <testcase name="testXacNhanMatKhau_Rong" classname="Test Xác Nhận Mật Khẩu" time="0.105">
    <system-out><![CDATA[=== BẮT ĐẦU TEST SUITE VALIDATION ===
]]></system-out>
  </testcase>
  <testcase name="testXacNhanMatKhau_Khop" classname="Test Xác Nhận Mật Khẩu" time="0.002"/>
  <testcase name="testSoDienThoai_HopLe_10So" classname="Test Số Điện Thoại" time="0.005"/>
  <testcase name="testSoDienThoai_HopLe_11So" classname="Test Số Điện Thoại" time="0.004"/>
  <testcase name="testSoDienThoai_HopLe_12So" classname="Test Số Điện Thoại" time="0.004"/>
  <testcase name="testSoDienThoai_Rong" classname="Test Số Điện Thoại" time="0.003"/>
  <testcase name="testSoDienThoai_DuoiGioiHan" classname="Test Số Điện Thoại" time="0.002"/>
  <testcase name="testSoDienThoai_TrenGioiHan" classname="Test Số Điện Thoại" time="0.003"/>
  <testcase name="testSoDienThoai_KhongBatDauBang0" classname="Test Số Điện Thoại" time="0.003"/>
  <testcase name="testSoDienThoai_ChuaChuCai" classname="Test Số Điện Thoại" time="0.003"/>
  <testcase name="testSoDienThoai_ChuaKyTuDacBiet" classname="Test Số Điện Thoại" time="0.002"/>
  <testcase name="testMaKhachHang_HopLe_6KyTu" classname="Test Mã Khách Hàng" time="0.006"/>
  <testcase name="testMaKhachHang_HopLe_10KyTu" classname="Test Mã Khách Hàng" time="0.004"/>
  <testcase name="testMaKhachHang_Rong" classname="Test Mã Khách Hàng" time="0.002"/>
  <testcase name="testMaKhachHang_Null" classname="Test Mã Khách Hàng" time="0.001"/>
  <testcase name="testMaKhachHang_DuoiGioiHan" classname="Test Mã Khách Hàng" time="0.003"/>
  <testcase name="testMaKhachHang_TrenGioiHan" classname="Test Mã Khách Hàng" time="0.002"/>
  <testcase name="testMaKhachHang_ChuaKyTuDacBiet(String)[1]" classname="Test Mã Khách Hàng" time="0.011"/>
  <testcase name="testMaKhachHang_ChuaKyTuDacBiet(String)[2]" classname="Test Mã Khách Hàng" time="0.002"/>
  <testcase name="testMaKhachHang_ChuaKyTuDacBiet(String)[3]" classname="Test Mã Khách Hàng" time="0.001"/>
  <testcase name="testMaKhachHang_ChuaKyTuDacBiet(String)[4]" classname="Test Mã Khách Hàng" time="0.001"/>
  <testcase name="testMaKhachHang_ChuaKhoangTrang" classname="Test Mã Khách Hàng" time="0.001"/>
  <testcase name="testDiaChi_HopLe" classname="Test Địa Chỉ" time="0.002"/>
  <testcase name="testDiaChi_Rong" classname="Test Địa Chỉ" time="0.002"/>
  <testcase name="testDiaChi_TrenGioiHan" classname="Test Địa Chỉ" time="0.002"/>
  <testcase name="testDiaChi_255KyTu" classname="Test Địa Chỉ" time="0.001"/>
  <testcase name="testHoTen_HopLe_TiengViet" classname="Test Họ và Tên" time="0.001"/>
  <testcase name="testHoTen_HopLe_5KyTu" classname="Test Họ và Tên" time="0.002"/>
  <testcase name="testHoTen_HopLe_50KyTu" classname="Test Họ và Tên" time="0.004"/>
  <testcase name="testHoTen_Rong" classname="Test Họ và Tên" time="0.005"/>
  <testcase name="testHoTen_DuoiGioiHan" classname="Test Họ và Tên" time="0.003"/>
  <testcase name="testHoTen_TrenGioiHan" classname="Test Họ và Tên" time="0.003"/>
  <testcase name="testHoTen_ChuaSo" classname="Test Họ và Tên" time="0.002"/>
  <testcase name="testHoTen_ChuaKyTuDacBiet" classname="Test Họ và Tên" time="0.001"/>
  <testcase name="testEmail_HopLe" classname="Test Email" time="0.005"/>
  <testcase name="testEmail_Rong" classname="Test Email" time="0.003"/>
  <testcase name="testEmail_KhongDungDinhDang(String)[1]" classname="Test Email" time="0.003"/>
  <testcase name="testEmail_KhongDungDinhDang(String)[2]" classname="Test Email" time="0.001"/>
  <testcase name="testEmail_KhongDungDinhDang(String)[3]" classname="Test Email" time="0.003"/>
  <testcase name="testEmail_KhongDungDinhDang(String)[4]" classname="Test Email" time="0.002"/>
  <testcase name="testEmail_ChuaKyTuDacBiet" classname="Test Email" time="0.001"/>
  <testcase name="testMatKhau_HopLe_8KyTu" classname="Test Mật Khẩu" time="0.003"/>
  <testcase name="testMatKhau_HopLe_TrenGioiHan" classname="Test Mật Khẩu" time="0.004"/>
  <testcase name="testMatKhau_Rong" classname="Test Mật Khẩu" time="0.003"/>
  <testcase name="testMatKhau_DuoiGioiHan" classname="Test Mật Khẩu" time="0.002"/>
</testsuite>